
> @onegenui/chat@0.1.0 build /Users/giulioleone/Sviluppo/genUi/json-render/packages/chat
> tsup

CLI Building entry: src/index.ts
CLI Using tsconfig: tsconfig.json
CLI tsup v8.5.1
CLI Using tsup config: /Users/giulioleone/Sviluppo/genUi/json-render/packages/chat/tsup.config.ts
CLI Target: es2022
CLI Cleaning output folder
CJS Build start
ESM Build start
ESM dist/index.mjs     109.99 KB
ESM dist/index.mjs.map 192.66 KB
ESM ⚡️ Build success in 62ms
CJS dist/index.js     122.21 KB
CJS dist/index.js.map 192.45 KB
CJS ⚡️ Build success in 62ms
DTS Build start
DTS ⚡️ Build success in 1398ms
DTS dist/index.d.ts  41.29 KB
DTS dist/index.d.mts 41.29 KB
